<?xml version="1.0" encoding="UTF-8"?>
<testsuite xmlns:xsi="http://www.w3.org/2001/XMLSchema-instance" xsi:noNamespaceSchemaLocation="https://maven.apache.org/surefire/maven-surefire-plugin/xsd/surefire-test-report-3.0.xsd" version="3.0" name="com.example.AppTest" time="0.054" tests="1" errors="0" skipped="0" failures="0">
  <properties>
    <property name="java.specification.version" value="17"/>
    <property name="sun.jnu.encoding" value="UTF-8"/>
    <property name="java.class.path" value="/Users/koleary/temp/temp-sapce/somejavalambdas/target/test-classes:/Users/koleary/temp/temp-sapce/somejavalambdas/target/classes:/Users/koleary/.m2/repository/org/junit/jupiter/junit-jupiter-api/5.6.0/junit-jupiter-api-5.6.0.jar:/Users/koleary/.m2/repository/org/apiguardian/apiguardian-api/1.1.0/apiguardian-api-1.1.0.jar:/Users/koleary/.m2/repository/org/opentest4j/opentest4j/1.2.0/opentest4j-1.2.0.jar:/Users/koleary/.m2/repository/org/junit/platform/junit-platform-commons/1.6.0/junit-platform-commons-1.6.0.jar:/Users/koleary/.m2/repository/com/amazonaws/aws-lambda-java-events/3.11.0/aws-lambda-java-events-3.11.0.jar:/Users/koleary/.m2/repository/joda-time/joda-time/2.6/joda-time-2.6.jar:/Users/koleary/.m2/repository/com/amazonaws/aws-lambda-java-log4j2/1.5.1/aws-lambda-java-log4j2-1.5.1.jar:/Users/koleary/.m2/repository/org/apache/logging/log4j/log4j-api/2.19.0/log4j-api-2.19.0.jar:/Users/koleary/.m2/repository/org/apache/logging/log4j/log4j-core/2.19.0/log4j-core-2.19.0.jar:/Users/koleary/.m2/repository/org/apache/logging/log4j/log4j-slf4j18-impl/2.18.0/log4j-slf4j18-impl-2.18.0.jar:/Users/koleary/.m2/repository/org/slf4j/slf4j-api/1.8.0-beta4/slf4j-api-1.8.0-beta4.jar:/Users/koleary/.m2/repository/org/junit/jupiter/junit-jupiter-engine/5.6.0/junit-jupiter-engine-5.6.0.jar:/Users/koleary/.m2/repository/org/junit/platform/junit-platform-engine/1.6.0/junit-platform-engine-1.6.0.jar:/Users/koleary/.m2/repository/com/amazonaws/aws-lambda-java-core/1.1.0/aws-lambda-java-core-1.1.0.jar:/Users/koleary/.m2/repository/software/amazon/awssdk/s3/2.16.1/s3-2.16.1.jar:/Users/koleary/.m2/repository/software/amazon/awssdk/aws-xml-protocol/2.16.1/aws-xml-protocol-2.16.1.jar:/Users/koleary/.m2/repository/software/amazon/awssdk/aws-query-protocol/2.16.1/aws-query-protocol-2.16.1.jar:/Users/koleary/.m2/repository/software/amazon/awssdk/protocol-core/2.16.1/protocol-core-2.16.1.jar:/Users/koleary/.m2/repository/software/amazon/awssdk/arns/2.16.1/arns-2.16.1.jar:/Users/koleary/.m2/repository/software/amazon/awssdk/profiles/2.16.1/profiles-2.16.1.jar:/Users/koleary/.m2/repository/software/amazon/awssdk/sdk-core/2.16.1/sdk-core-2.16.1.jar:/Users/koleary/.m2/repository/com/fasterxml/jackson/core/jackson-core/2.12.1/jackson-core-2.12.1.jar:/Users/koleary/.m2/repository/com/fasterxml/jackson/core/jackson-databind/2.12.1/jackson-databind-2.12.1.jar:/Users/koleary/.m2/repository/org/reactivestreams/reactive-streams/1.0.2/reactive-streams-1.0.2.jar:/Users/koleary/.m2/repository/software/amazon/awssdk/auth/2.16.1/auth-2.16.1.jar:/Users/koleary/.m2/repository/software/amazon/eventstream/eventstream/1.0.1/eventstream-1.0.1.jar:/Users/koleary/.m2/repository/software/amazon/awssdk/http-client-spi/2.16.1/http-client-spi-2.16.1.jar:/Users/koleary/.m2/repository/software/amazon/awssdk/regions/2.16.1/regions-2.16.1.jar:/Users/koleary/.m2/repository/com/fasterxml/jackson/core/jackson-annotations/2.12.1/jackson-annotations-2.12.1.jar:/Users/koleary/.m2/repository/software/amazon/awssdk/annotations/2.16.1/annotations-2.16.1.jar:/Users/koleary/.m2/repository/software/amazon/awssdk/utils/2.16.1/utils-2.16.1.jar:/Users/koleary/.m2/repository/software/amazon/awssdk/aws-core/2.16.1/aws-core-2.16.1.jar:/Users/koleary/.m2/repository/software/amazon/awssdk/metrics-spi/2.16.1/metrics-spi-2.16.1.jar:/Users/koleary/.m2/repository/software/amazon/awssdk/apache-client/2.16.1/apache-client-2.16.1.jar:/Users/koleary/.m2/repository/org/apache/httpcomponents/httpclient/4.5.13/httpclient-4.5.13.jar:/Users/koleary/.m2/repository/commons-logging/commons-logging/1.2/commons-logging-1.2.jar:/Users/koleary/.m2/repository/commons-codec/commons-codec/1.11/commons-codec-1.11.jar:/Users/koleary/.m2/repository/org/apache/httpcomponents/httpcore/4.4.11/httpcore-4.4.11.jar:/Users/koleary/.m2/repository/software/amazon/awssdk/netty-nio-client/2.16.1/netty-nio-client-2.16.1.jar:/Users/koleary/.m2/repository/io/netty/netty-codec-http/4.1.59.Final/netty-codec-http-4.1.59.Final.jar:/Users/koleary/.m2/repository/io/netty/netty-codec-http2/4.1.59.Final/netty-codec-http2-4.1.59.Final.jar:/Users/koleary/.m2/repository/io/netty/netty-codec/4.1.59.Final/netty-codec-4.1.59.Final.jar:/Users/koleary/.m2/repository/io/netty/netty-transport/4.1.59.Final/netty-transport-4.1.59.Final.jar:/Users/koleary/.m2/repository/io/netty/netty-resolver/4.1.59.Final/netty-resolver-4.1.59.Final.jar:/Users/koleary/.m2/repository/io/netty/netty-common/4.1.59.Final/netty-common-4.1.59.Final.jar:/Users/koleary/.m2/repository/io/netty/netty-buffer/4.1.59.Final/netty-buffer-4.1.59.Final.jar:/Users/koleary/.m2/repository/io/netty/netty-handler/4.1.59.Final/netty-handler-4.1.59.Final.jar:/Users/koleary/.m2/repository/io/netty/netty-transport-native-epoll/4.1.59.Final/netty-transport-native-epoll-4.1.59.Final-linux-x86_64.jar:/Users/koleary/.m2/repository/io/netty/netty-transport-native-unix-common/4.1.59.Final/netty-transport-native-unix-common-4.1.59.Final.jar:/Users/koleary/.m2/repository/com/typesafe/netty/netty-reactive-streams-http/2.0.4/netty-reactive-streams-http-2.0.4.jar:/Users/koleary/.m2/repository/com/typesafe/netty/netty-reactive-streams/2.0.4/netty-reactive-streams-2.0.4.jar:/Users/koleary/.m2/repository/com/google/code/gson/gson/2.8.6/gson-2.8.6.jar:"/>
    <property name="java.vm.vendor" value="Eclipse Adoptium"/>
    <property name="sun.arch.data.model" value="64"/>
    <property name="java.vendor.url" value="https://adoptium.net/"/>
    <property name="os.name" value="Mac OS X"/>
    <property name="java.vm.specification.version" value="17"/>
    <property name="sun.java.launcher" value="SUN_STANDARD"/>
    <property name="user.country" value="IE"/>
    <property name="sun.boot.library.path" value="/Library/Java/JavaVirtualMachines/temurin-17.jdk/Contents/Home/lib"/>
    <property name="sun.java.command" value="/Users/koleary/temp/temp-sapce/somejavalambdas/target/surefire/surefirebooter17192994045998716592.jar /Users/koleary/temp/temp-sapce/somejavalambdas/target/surefire 2022-11-15T18-22-43_737-jvmRun1 surefire13494221001887157942tmp surefire_010697404653409846711tmp"/>
    <property name="jdk.debug" value="release"/>
    <property name="surefire.test.class.path" value="/Users/koleary/temp/temp-sapce/somejavalambdas/target/test-classes:/Users/koleary/temp/temp-sapce/somejavalambdas/target/classes:/Users/koleary/.m2/repository/org/junit/jupiter/junit-jupiter-api/5.6.0/junit-jupiter-api-5.6.0.jar:/Users/koleary/.m2/repository/org/apiguardian/apiguardian-api/1.1.0/apiguardian-api-1.1.0.jar:/Users/koleary/.m2/repository/org/opentest4j/opentest4j/1.2.0/opentest4j-1.2.0.jar:/Users/koleary/.m2/repository/org/junit/platform/junit-platform-commons/1.6.0/junit-platform-commons-1.6.0.jar:/Users/koleary/.m2/repository/com/amazonaws/aws-lambda-java-events/3.11.0/aws-lambda-java-events-3.11.0.jar:/Users/koleary/.m2/repository/joda-time/joda-time/2.6/joda-time-2.6.jar:/Users/koleary/.m2/repository/com/amazonaws/aws-lambda-java-log4j2/1.5.1/aws-lambda-java-log4j2-1.5.1.jar:/Users/koleary/.m2/repository/org/apache/logging/log4j/log4j-api/2.19.0/log4j-api-2.19.0.jar:/Users/koleary/.m2/repository/org/apache/logging/log4j/log4j-core/2.19.0/log4j-core-2.19.0.jar:/Users/koleary/.m2/repository/org/apache/logging/log4j/log4j-slf4j18-impl/2.18.0/log4j-slf4j18-impl-2.18.0.jar:/Users/koleary/.m2/repository/org/slf4j/slf4j-api/1.8.0-beta4/slf4j-api-1.8.0-beta4.jar:/Users/koleary/.m2/repository/org/junit/jupiter/junit-jupiter-engine/5.6.0/junit-jupiter-engine-5.6.0.jar:/Users/koleary/.m2/repository/org/junit/platform/junit-platform-engine/1.6.0/junit-platform-engine-1.6.0.jar:/Users/koleary/.m2/repository/com/amazonaws/aws-lambda-java-core/1.1.0/aws-lambda-java-core-1.1.0.jar:/Users/koleary/.m2/repository/software/amazon/awssdk/s3/2.16.1/s3-2.16.1.jar:/Users/koleary/.m2/repository/software/amazon/awssdk/aws-xml-protocol/2.16.1/aws-xml-protocol-2.16.1.jar:/Users/koleary/.m2/repository/software/amazon/awssdk/aws-query-protocol/2.16.1/aws-query-protocol-2.16.1.jar:/Users/koleary/.m2/repository/software/amazon/awssdk/protocol-core/2.16.1/protocol-core-2.16.1.jar:/Users/koleary/.m2/repository/software/amazon/awssdk/arns/2.16.1/arns-2.16.1.jar:/Users/koleary/.m2/repository/software/amazon/awssdk/profiles/2.16.1/profiles-2.16.1.jar:/Users/koleary/.m2/repository/software/amazon/awssdk/sdk-core/2.16.1/sdk-core-2.16.1.jar:/Users/koleary/.m2/repository/com/fasterxml/jackson/core/jackson-core/2.12.1/jackson-core-2.12.1.jar:/Users/koleary/.m2/repository/com/fasterxml/jackson/core/jackson-databind/2.12.1/jackson-databind-2.12.1.jar:/Users/koleary/.m2/repository/org/reactivestreams/reactive-streams/1.0.2/reactive-streams-1.0.2.jar:/Users/koleary/.m2/repository/software/amazon/awssdk/auth/2.16.1/auth-2.16.1.jar:/Users/koleary/.m2/repository/software/amazon/eventstream/eventstream/1.0.1/eventstream-1.0.1.jar:/Users/koleary/.m2/repository/software/amazon/awssdk/http-client-spi/2.16.1/http-client-spi-2.16.1.jar:/Users/koleary/.m2/repository/software/amazon/awssdk/regions/2.16.1/regions-2.16.1.jar:/Users/koleary/.m2/repository/com/fasterxml/jackson/core/jackson-annotations/2.12.1/jackson-annotations-2.12.1.jar:/Users/koleary/.m2/repository/software/amazon/awssdk/annotations/2.16.1/annotations-2.16.1.jar:/Users/koleary/.m2/repository/software/amazon/awssdk/utils/2.16.1/utils-2.16.1.jar:/Users/koleary/.m2/repository/software/amazon/awssdk/aws-core/2.16.1/aws-core-2.16.1.jar:/Users/koleary/.m2/repository/software/amazon/awssdk/metrics-spi/2.16.1/metrics-spi-2.16.1.jar:/Users/koleary/.m2/repository/software/amazon/awssdk/apache-client/2.16.1/apache-client-2.16.1.jar:/Users/koleary/.m2/repository/org/apache/httpcomponents/httpclient/4.5.13/httpclient-4.5.13.jar:/Users/koleary/.m2/repository/commons-logging/commons-logging/1.2/commons-logging-1.2.jar:/Users/koleary/.m2/repository/commons-codec/commons-codec/1.11/commons-codec-1.11.jar:/Users/koleary/.m2/repository/org/apache/httpcomponents/httpcore/4.4.11/httpcore-4.4.11.jar:/Users/koleary/.m2/repository/software/amazon/awssdk/netty-nio-client/2.16.1/netty-nio-client-2.16.1.jar:/Users/koleary/.m2/repository/io/netty/netty-codec-http/4.1.59.Final/netty-codec-http-4.1.59.Final.jar:/Users/koleary/.m2/repository/io/netty/netty-codec-http2/4.1.59.Final/netty-codec-http2-4.1.59.Final.jar:/Users/koleary/.m2/repository/io/netty/netty-codec/4.1.59.Final/netty-codec-4.1.59.Final.jar:/Users/koleary/.m2/repository/io/netty/netty-transport/4.1.59.Final/netty-transport-4.1.59.Final.jar:/Users/koleary/.m2/repository/io/netty/netty-resolver/4.1.59.Final/netty-resolver-4.1.59.Final.jar:/Users/koleary/.m2/repository/io/netty/netty-common/4.1.59.Final/netty-common-4.1.59.Final.jar:/Users/koleary/.m2/repository/io/netty/netty-buffer/4.1.59.Final/netty-buffer-4.1.59.Final.jar:/Users/koleary/.m2/repository/io/netty/netty-handler/4.1.59.Final/netty-handler-4.1.59.Final.jar:/Users/koleary/.m2/repository/io/netty/netty-transport-native-epoll/4.1.59.Final/netty-transport-native-epoll-4.1.59.Final-linux-x86_64.jar:/Users/koleary/.m2/repository/io/netty/netty-transport-native-unix-common/4.1.59.Final/netty-transport-native-unix-common-4.1.59.Final.jar:/Users/koleary/.m2/repository/com/typesafe/netty/netty-reactive-streams-http/2.0.4/netty-reactive-streams-http-2.0.4.jar:/Users/koleary/.m2/repository/com/typesafe/netty/netty-reactive-streams/2.0.4/netty-reactive-streams-2.0.4.jar:/Users/koleary/.m2/repository/com/google/code/gson/gson/2.8.6/gson-2.8.6.jar:"/>
    <property name="sun.cpu.endian" value="little"/>
    <property name="user.home" value="/Users/koleary"/>
    <property name="user.language" value="en"/>
    <property name="java.specification.vendor" value="Oracle Corporation"/>
    <property name="java.version.date" value="2022-04-19"/>
    <property name="java.home" value="/Library/Java/JavaVirtualMachines/temurin-17.jdk/Contents/Home"/>
    <property name="file.separator" value="/"/>
    <property name="basedir" value="/Users/koleary/temp/temp-sapce/somejavalambdas"/>
    <property name="java.vm.compressedOopsMode" value="Zero based"/>
    <property name="line.separator" value="&#10;"/>
    <property name="java.specification.name" value="Java Platform API Specification"/>
    <property name="java.vm.specification.vendor" value="Oracle Corporation"/>
    <property name="surefire.real.class.path" value="/Users/koleary/temp/temp-sapce/somejavalambdas/target/surefire/surefirebooter17192994045998716592.jar"/>
    <property name="sun.management.compiler" value="HotSpot 64-Bit Tiered Compilers"/>
    <property name="java.runtime.version" value="17.0.3+7"/>
    <property name="user.name" value="koleary"/>
    <property name="path.separator" value=":"/>
    <property name="os.version" value="12.6"/>
    <property name="java.runtime.name" value="OpenJDK Runtime Environment"/>
    <property name="file.encoding" value="UTF-8"/>
    <property name="java.vm.name" value="OpenJDK 64-Bit Server VM"/>
    <property name="java.vendor.version" value="Temurin-17.0.3+7"/>
    <property name="localRepository" value="/Users/koleary/.m2/repository"/>
    <property name="java.vendor.url.bug" value="https://github.com/adoptium/adoptium-support/issues"/>
    <property name="java.io.tmpdir" value="/var/folders/jx/rj915srd6fd0w0ltv0c836fw0000gr/T/"/>
    <property name="java.version" value="17.0.3"/>
    <property name="user.dir" value="/Users/koleary/temp/temp-sapce/somejavalambdas"/>
    <property name="os.arch" value="x86_64"/>
    <property name="java.vm.specification.name" value="Java Virtual Machine Specification"/>
    <property name="native.encoding" value="UTF-8"/>
    <property name="java.library.path" value="/Users/koleary/Library/Java/Extensions:/Library/Java/Extensions:/Network/Library/Java/Extensions:/System/Library/Java/Extensions:/usr/lib/java:."/>
    <property name="java.vm.info" value="mixed mode, sharing"/>
    <property name="java.vendor" value="Eclipse Adoptium"/>
    <property name="java.vm.version" value="17.0.3+7"/>
    <property name="sun.io.unicode.encoding" value="UnicodeBig"/>
    <property name="java.class.version" value="61.0"/>
  </properties>
  <testcase name="testApp" classname="com.example.AppTest" time="0.033"/>
</testsuite>